<?xml version="1.0" encoding="UTF-8"?>
<!-- Generated by org.testng.reporters.JUnitReportReporter -->
<testsuite skipped="0" hostname="LAPTOP-EGVBUQ43" name="com.Pro.Main.LoginPage_code" tests="2" failures="0" timestamp="27 Aug 2020 12:14:20 GMT" time="37.482" errors="0">
  <testcase name="Login" time="36.430" classname="com.Pro.Main.LoginPage_code"/>
  <testcase name="Order" time="1.052" classname="com.Pro.Main.LoginPage_code"/>
</testsuite> <!-- com.Pro.Main.LoginPage_code -->
